<?xml version="1.0" encoding="UTF-8"?>
<!-- Generated by org.testng.reporters.JUnitReportReporter -->
<testsuite skipped="0" hostname="dominic-To-be-filled-by-O-E-M" name="com.testNgClass.BrowserName" tests="1" failures="0" timestamp="2021-11-29T12:12:56 IST" time="0.008" errors="0">
  <testcase name="browserName" time="0.008" classname="com.testNgClass.BrowserName"/>
  <system-out/>
</testsuite> <!-- com.testNgClass.BrowserName -->
