<?xml version="1.0" encoding="UTF-8"?>
<!-- Generated by org.testng.reporters.JUnitReportReporter -->
<testsuite hostname="PCIN488277" failures="0" tests="1" name="com.Baseclass.WebTestBase" time="0.002" errors="0" timestamp="2022-01-22T15:24:22 IST" skipped="0">
  <testcase classname="com.Baseclass.WebTestBase" name="browserName" time="0.002"/>
  <system-out/>
</testsuite> <!-- com.Baseclass.WebTestBase -->
