<?xml version="1.0" encoding="UTF-8"?>
<!-- Generated by org.testng.reporters.JUnitReportReporter -->
<testsuite hostname="PCIN488277" failures="0" tests="1" name="com.database.DatabaseHelper" time="0.930" errors="0" timestamp="2022-01-16T17:49:58 IST" skipped="0">
  <testcase classname="com.database.DatabaseHelper" name="connectToDatabase" time="0.930"/>
  <system-out/>
</testsuite> <!-- com.database.DatabaseHelper -->
