<?xml version="1.0" encoding="UTF-8"?>
<!-- Generated by org.testng.reporters.JUnitReportReporter -->
<testsuite hostname="PCIN488277" failures="0" tests="1" name="com.Baseclass.DesktopTestBase" time="1.115" errors="0" timestamp="2022-01-17T00:22:40 IST" skipped="0">
  <testcase classname="com.Baseclass.DesktopTestBase" name="getWiniumDriver" time="1.115"/>
  <system-out/>
</testsuite> <!-- com.Baseclass.DesktopTestBase -->
