<?xml version="1.0" encoding="UTF-8"?>
<!-- Generated by org.testng.reporters.JUnitReportReporter -->
<testsuite hostname="PCIN488277" failures="0" tests="1" name="com.runner.DeskTop" time="9.002" errors="1" timestamp="2022-02-09T11:37:31 IST" skipped="0">
  <testcase classname="com.runner.DeskTop" name="runScenario" time="9.002">
    <error type="java.lang.NullPointerException">
      <![CDATA[java.lang.NullPointerException
at testSteps.Login.close(Login.java:58)
]]>
    </error>
  </testcase> <!-- runScenario -->
  <system-out/>
</testsuite> <!-- com.runner.DeskTop -->
