<?xml version="1.0" encoding="UTF-8"?>
<!-- Generated by org.testng.reporters.JUnitReportReporter -->
<testsuite skipped="0" hostname="dominic-To-be-filled-by-O-E-M" name="com.testNgClass.BrowserDriver" tests="1" failures="0" timestamp="2022-06-12T14:33:28 IST" time="0.005" errors="0">
  <testcase name="browserName" time="0.005" classname="com.testNgClass.BrowserDriver"/>
  <system-out/>
</testsuite> <!-- com.testNgClass.BrowserDriver -->
