<?xml version="1.0" encoding="UTF-8"?>
<!-- Generated by org.testng.reporters.JUnitReportReporter -->
<testsuite hostname="PCIN488277" failures="0" tests="2" name="apiTest.SampleTestCase" time="2.458" errors="0" timestamp="2022-01-25T12:44:49 IST" skipped="0">
  <testcase classname="apiTest.SampleTestCase" name="browserName" time="0.004"/>
  <system-out/>
  <testcase classname="apiTest.SampleTestCase" name="show" time="2.454"/>
  <system-out/>
</testsuite> <!-- apiTest.SampleTestCase -->
