<?xml version="1.0" encoding="UTF-8"?>
<!-- Generated by org.testng.reporters.JUnitReportReporter -->
<testsuite skipped="0" hostname="dominic-To-be-filled-by-O-E-M" name="com.testNgClass.Browser" tests="2" failures="0" timestamp="2021-11-30T19:25:39 IST" time="8.857" errors="0">
  <testcase name="browserName" time="4.410" classname="com.testNgClass.Browser"/>
  <system-out/>
  <testcase name="browserName" time="4.447" classname="com.testNgClass.Browser"/>
  <system-out/>
</testsuite> <!-- com.testNgClass.Browser -->
