<?xml version="1.0" encoding="UTF-8"?>
<!-- Generated by org.testng.reporters.JUnitReportReporter -->
<testsuite hostname="dominic-To-be-filled-by-O-E-M" failures="0" tests="1" name="com.flipkart.Flipkart" time="0.008" errors="0" timestamp="2021-11-25T18:34:17 IST" skipped="0">
  <testcase classname="com.flipkart.Flipkart" name="sample" time="0.008"/>
  <system-out/>
</testsuite> <!-- com.flipkart.Flipkart -->
