<?xml version="1.0" encoding="UTF-8"?>
<!-- Generated by org.testng.reporters.JUnitReportReporter -->
<testsuite hostname="dominic-To-be-filled-by-O-E-M" failures="0" tests="1" name="regression.NewTest" time="12.062" errors="0" timestamp="2021-11-23T21:06:18 IST" skipped="0">
  <testcase classname="regression.NewTest" name="test" time="12.062"/>
  <system-out/>
</testsuite> <!-- regression.NewTest -->
