<?xml version="1.0" encoding="UTF-8"?>
<!-- Generated by org.testng.reporters.JUnitReportReporter -->
<testsuite skipped="0" hostname="dominic-To-be-filled-by-O-E-M" name="dummy.SAmple" tests="1" failures="0" timestamp="2021-11-30T19:38:15 IST" time="0.007" errors="0">
  <testcase name="sam" time="0.007" classname="dummy.SAmple"/>
  <system-out/>
</testsuite> <!-- dummy.SAmple -->
